Сборка начата 12.12.2015 15:21:15.
     1>Проект "F:\Projects(politex)(3)\task4\task4\task4.vcxproj" в узле 2 (целевые объекты Build).
     1>ClCompile:
         F:\Visual\VC\bin\CL.exe /c /Zi /nologo /W3 /WX- /O2 /Oi /Oy- /GL /D WIN32 /D NDEBUG /D _CONSOLE /D _LIB /D _UNICODE /D UNICODE /Gm- /EHsc /MD /GS /Gy /fp:precise /Zc:wchar_t /Zc:forScope /Fo"Release\\" /Fd"Release\vc120.pdb" /Gd /TP /analyze- /errorReport:prompt task4.cpp
         task4.cpp
     1>task4.cpp(33): warning C4553: ==: оператор не имеет результата; возможно, имелся в виду "="
     1>task4.cpp(71): warning C4553: ==: оператор не имеет результата; возможно, имелся в виду "="
     1>task4.cpp(99): warning C4996: 'fopen': This function or variable may be unsafe. Consider using fopen_s instead. To disable deprecation, use _CRT_SECURE_NO_WARNINGS. See online help for details.
                 F:\Visual\VC\include\stdio.h(211): см. объявление "fopen"
     1>task4.cpp(95): warning C4101: y: неиспользованная локальная переменная
     1>task4.cpp(95): warning C4101: x: неиспользованная локальная переменная
     1>task4.cpp(95): warning C4101: k: неиспользованная локальная переменная
       Link:
         F:\Visual\VC\bin\link.exe /ERRORREPORT:PROMPT /OUT:"F:\Projects(politex)(3)\task4\Release\task4.exe" /INCREMENTAL:NO /NOLOGO kernel32.lib user32.lib gdi32.lib winspool.lib comdlg32.lib advapi32.lib shell32.lib ole32.lib oleaut32.lib uuid.lib odbc32.lib odbccp32.lib /MANIFEST /MANIFESTUAC:"level='asInvoker' uiAccess='false'" /manifest:embed /DEBUG /PDB:"F:\Projects(politex)(3)\task4\Release\task4.pdb" /SUBSYSTEM:CONSOLE /OPT:REF /OPT:ICF /LTCG /TLBID:1 /DYNAMICBASE /NXCOMPAT /IMPLIB:"F:\Projects(politex)(3)\task4\Release\task4.lib" /MACHINE:X86 /SAFESEH Release\task4.obj
         Создание кода
         Создание кода завершено
         task4.vcxproj -> F:\Projects(politex)(3)\task4\Release\task4.exe
     1>Сборка проекта "F:\Projects(politex)(3)\task4\task4\task4.vcxproj" завершена (целевые объекты Build).

Сборка успешно завершена.

Затраченное время: 00:00:01.07
