c:\users\grigorii\desktop\4ый курс\c++\tutorial03\debug\vc141.pdb
c:\users\grigorii\desktop\4ый курс\c++\tutorial03\debug\vc141.idb
c:\users\grigorii\desktop\4ый курс\c++\tutorial03\debug\tutorial03.obj
c:\users\grigorii\desktop\4ый курс\c++\debug\tutorial03_ps.cso
c:\users\grigorii\desktop\4ый курс\c++\debug\tutorial03_vs.cso
c:\users\grigorii\desktop\4ый курс\c++\debug\tutorial03.ilk
c:\users\grigorii\desktop\4ый курс\c++\debug\tutorial03.exe
c:\users\grigorii\desktop\4ый курс\c++\debug\tutorial03.pdb
c:\users\grigorii\desktop\4ый курс\c++\tutorial03\debug\tutorial03.res
c:\users\grigorii\desktop\4ый курс\c++\tutorial03\debug\tutorial03.tlog\cl.command.1.tlog
c:\users\grigorii\desktop\4ый курс\c++\tutorial03\debug\tutorial03.tlog\cl.read.1.tlog
c:\users\grigorii\desktop\4ый курс\c++\tutorial03\debug\tutorial03.tlog\cl.write.1.tlog
c:\users\grigorii\desktop\4ый курс\c++\tutorial03\debug\tutorial03.tlog\fxc.command.1.tlog
c:\users\grigorii\desktop\4ый курс\c++\tutorial03\debug\tutorial03.tlog\fxc.read.1.tlog
c:\users\grigorii\desktop\4ый курс\c++\tutorial03\debug\tutorial03.tlog\fxc.write.1.tlog
c:\users\grigorii\desktop\4ый курс\c++\tutorial03\debug\tutorial03.tlog\link.command.1.tlog
c:\users\grigorii\desktop\4ый курс\c++\tutorial03\debug\tutorial03.tlog\link.read.1.tlog
c:\users\grigorii\desktop\4ый курс\c++\tutorial03\debug\tutorial03.tlog\link.write.1.tlog
c:\users\grigorii\desktop\4ый курс\c++\tutorial03\debug\tutorial03.tlog\rc.command.1.tlog
c:\users\grigorii\desktop\4ый курс\c++\tutorial03\debug\tutorial03.tlog\rc.read.1.tlog
c:\users\grigorii\desktop\4ый курс\c++\tutorial03\debug\tutorial03.tlog\rc.write.1.tlog
