c:\users\grigorii\desktop\4ый курс\c++\tutorial04\debug\vc141.pdb
c:\users\grigorii\desktop\4ый курс\c++\tutorial04\debug\vc141.idb
c:\users\grigorii\desktop\4ый курс\c++\tutorial04\debug\tutorial04.obj
c:\users\grigorii\desktop\4ый курс\c++\debug\tutorial04_ps.cso
c:\users\grigorii\desktop\4ый курс\c++\debug\tutorial04_vs.cso
c:\users\grigorii\desktop\4ый курс\c++\debug\tutorial04.ilk
c:\users\grigorii\desktop\4ый курс\c++\debug\tutorial04.exe
c:\users\grigorii\desktop\4ый курс\c++\debug\tutorial04.pdb
c:\users\grigorii\desktop\4ый курс\c++\tutorial04\debug\tutorial04.res
c:\users\grigorii\desktop\4ый курс\c++\tutorial04\debug\tutorial04.tlog\cl.command.1.tlog
c:\users\grigorii\desktop\4ый курс\c++\tutorial04\debug\tutorial04.tlog\cl.read.1.tlog
c:\users\grigorii\desktop\4ый курс\c++\tutorial04\debug\tutorial04.tlog\cl.write.1.tlog
c:\users\grigorii\desktop\4ый курс\c++\tutorial04\debug\tutorial04.tlog\fxc.command.1.tlog
c:\users\grigorii\desktop\4ый курс\c++\tutorial04\debug\tutorial04.tlog\fxc.read.1.tlog
c:\users\grigorii\desktop\4ый курс\c++\tutorial04\debug\tutorial04.tlog\fxc.write.1.tlog
c:\users\grigorii\desktop\4ый курс\c++\tutorial04\debug\tutorial04.tlog\link.command.1.tlog
c:\users\grigorii\desktop\4ый курс\c++\tutorial04\debug\tutorial04.tlog\link.read.1.tlog
c:\users\grigorii\desktop\4ый курс\c++\tutorial04\debug\tutorial04.tlog\link.write.1.tlog
c:\users\grigorii\desktop\4ый курс\c++\tutorial04\debug\tutorial04.tlog\rc.command.1.tlog
c:\users\grigorii\desktop\4ый курс\c++\tutorial04\debug\tutorial04.tlog\rc.read.1.tlog
c:\users\grigorii\desktop\4ый курс\c++\tutorial04\debug\tutorial04.tlog\rc.write.1.tlog
