c:\users\grigorii\desktop\4ый курс\c++\tutorial06\debug\vc141.pdb
c:\users\grigorii\desktop\4ый курс\c++\tutorial06\debug\vc141.idb
c:\users\grigorii\desktop\4ый курс\c++\tutorial06\debug\tutorial06.obj
c:\users\grigorii\desktop\4ый курс\c++\debug\tutorial06_ps.cso
c:\users\grigorii\desktop\4ый курс\c++\debug\tutorial06_vs.cso
c:\users\grigorii\desktop\4ый курс\c++\debug\tutorial06.exe
c:\users\grigorii\desktop\4ый курс\c++\debug\tutorial06.ilk
c:\users\grigorii\desktop\4ый курс\c++\debug\tutorial06.pdb
c:\users\grigorii\desktop\4ый курс\c++\tutorial06\debug\tutorial06.res
c:\users\grigorii\desktop\4ый курс\c++\tutorial06\debug\tutorial06.tlog\cl.command.1.tlog
c:\users\grigorii\desktop\4ый курс\c++\tutorial06\debug\tutorial06.tlog\cl.read.1.tlog
c:\users\grigorii\desktop\4ый курс\c++\tutorial06\debug\tutorial06.tlog\cl.write.1.tlog
c:\users\grigorii\desktop\4ый курс\c++\tutorial06\debug\tutorial06.tlog\fxc.command.1.tlog
c:\users\grigorii\desktop\4ый курс\c++\tutorial06\debug\tutorial06.tlog\fxc.read.1.tlog
c:\users\grigorii\desktop\4ый курс\c++\tutorial06\debug\tutorial06.tlog\fxc.write.1.tlog
c:\users\grigorii\desktop\4ый курс\c++\tutorial06\debug\tutorial06.tlog\link.command.1.tlog
c:\users\grigorii\desktop\4ый курс\c++\tutorial06\debug\tutorial06.tlog\link.read.1.tlog
c:\users\grigorii\desktop\4ый курс\c++\tutorial06\debug\tutorial06.tlog\link.write.1.tlog
c:\users\grigorii\desktop\4ый курс\c++\tutorial06\debug\tutorial06.tlog\rc.command.1.tlog
c:\users\grigorii\desktop\4ый курс\c++\tutorial06\debug\tutorial06.tlog\rc.read.1.tlog
c:\users\grigorii\desktop\4ый курс\c++\tutorial06\debug\tutorial06.tlog\rc.write.1.tlog
