c:\users\grigorii\desktop\4ый курс\c++\tutorial05\debug\vc141.pdb
c:\users\grigorii\desktop\4ый курс\c++\tutorial05\debug\vc141.idb
c:\users\grigorii\desktop\4ый курс\c++\tutorial05\debug\tutorial05.obj
c:\users\grigorii\desktop\4ый курс\c++\debug\tutorial05_ps.cso
c:\users\grigorii\desktop\4ый курс\c++\debug\tutorial05_vs.cso
c:\users\grigorii\desktop\4ый курс\c++\debug\tutorial05.exe
c:\users\grigorii\desktop\4ый курс\c++\debug\tutorial05.ilk
c:\users\grigorii\desktop\4ый курс\c++\debug\tutorial05.pdb
c:\users\grigorii\desktop\4ый курс\c++\tutorial05\debug\tutorial05.res
c:\users\grigorii\desktop\4ый курс\c++\tutorial05\debug\tutorial05.tlog\cl.command.1.tlog
c:\users\grigorii\desktop\4ый курс\c++\tutorial05\debug\tutorial05.tlog\cl.read.1.tlog
c:\users\grigorii\desktop\4ый курс\c++\tutorial05\debug\tutorial05.tlog\cl.write.1.tlog
c:\users\grigorii\desktop\4ый курс\c++\tutorial05\debug\tutorial05.tlog\fxc.command.1.tlog
c:\users\grigorii\desktop\4ый курс\c++\tutorial05\debug\tutorial05.tlog\fxc.read.1.tlog
c:\users\grigorii\desktop\4ый курс\c++\tutorial05\debug\tutorial05.tlog\fxc.write.1.tlog
c:\users\grigorii\desktop\4ый курс\c++\tutorial05\debug\tutorial05.tlog\link.command.1.tlog
c:\users\grigorii\desktop\4ый курс\c++\tutorial05\debug\tutorial05.tlog\link.read.1.tlog
c:\users\grigorii\desktop\4ый курс\c++\tutorial05\debug\tutorial05.tlog\link.write.1.tlog
c:\users\grigorii\desktop\4ый курс\c++\tutorial05\debug\tutorial05.tlog\rc.command.1.tlog
c:\users\grigorii\desktop\4ый курс\c++\tutorial05\debug\tutorial05.tlog\rc.read.1.tlog
c:\users\grigorii\desktop\4ый курс\c++\tutorial05\debug\tutorial05.tlog\rc.write.1.tlog
