c:\users\grigorii\desktop\4ый курс\c++\tutorial02\debug\vc141.pdb
c:\users\grigorii\desktop\4ый курс\c++\tutorial02\debug\vc141.idb
c:\users\grigorii\desktop\4ый курс\c++\tutorial02\debug\tutorial02.obj
c:\users\grigorii\desktop\4ый курс\c++\debug\tutorial02_ps.cso
c:\users\grigorii\desktop\4ый курс\c++\debug\tutorial02_vs.cso
c:\users\grigorii\desktop\4ый курс\c++\debug\tutorial02.ilk
c:\users\grigorii\desktop\4ый курс\c++\debug\tutorial02.exe
c:\users\grigorii\desktop\4ый курс\c++\debug\tutorial02.pdb
c:\users\grigorii\desktop\4ый курс\c++\tutorial02\debug\tutorial02.res
c:\users\grigorii\desktop\4ый курс\c++\tutorial02\debug\tutorial02.tlog\cl.command.1.tlog
c:\users\grigorii\desktop\4ый курс\c++\tutorial02\debug\tutorial02.tlog\cl.read.1.tlog
c:\users\grigorii\desktop\4ый курс\c++\tutorial02\debug\tutorial02.tlog\cl.write.1.tlog
c:\users\grigorii\desktop\4ый курс\c++\tutorial02\debug\tutorial02.tlog\fxc.command.1.tlog
c:\users\grigorii\desktop\4ый курс\c++\tutorial02\debug\tutorial02.tlog\fxc.read.1.tlog
c:\users\grigorii\desktop\4ый курс\c++\tutorial02\debug\tutorial02.tlog\fxc.write.1.tlog
c:\users\grigorii\desktop\4ый курс\c++\tutorial02\debug\tutorial02.tlog\link.command.1.tlog
c:\users\grigorii\desktop\4ый курс\c++\tutorial02\debug\tutorial02.tlog\link.read.1.tlog
c:\users\grigorii\desktop\4ый курс\c++\tutorial02\debug\tutorial02.tlog\link.write.1.tlog
c:\users\grigorii\desktop\4ый курс\c++\tutorial02\debug\tutorial02.tlog\rc.command.1.tlog
c:\users\grigorii\desktop\4ый курс\c++\tutorial02\debug\tutorial02.tlog\rc.read.1.tlog
c:\users\grigorii\desktop\4ый курс\c++\tutorial02\debug\tutorial02.tlog\rc.write.1.tlog
