c:\users\grigorii\desktop\4ый курс\c++\tutorial07\debug\vc141.pdb
c:\users\grigorii\desktop\4ый курс\c++\tutorial07\debug\vc141.idb
c:\users\grigorii\desktop\4ый курс\c++\tutorial07\debug\tutorial07.obj
c:\users\grigorii\desktop\4ый курс\c++\tutorial07\debug\ddstextureloader.obj
c:\users\grigorii\desktop\4ый курс\c++\debug\tutorial07_vs.cso
c:\users\grigorii\desktop\4ый курс\c++\debug\tutorial07.ilk
c:\users\grigorii\desktop\4ый курс\c++\debug\tutorial07.exe
c:\users\grigorii\desktop\4ый курс\c++\debug\tutorial07.pdb
c:\users\grigorii\desktop\4ый курс\c++\tutorial07\debug\tutorial07.res
c:\users\grigorii\desktop\4ый курс\c++\tutorial07\debug\tutorial07.tlog\cl.command.1.tlog
c:\users\grigorii\desktop\4ый курс\c++\tutorial07\debug\tutorial07.tlog\cl.read.1.tlog
c:\users\grigorii\desktop\4ый курс\c++\tutorial07\debug\tutorial07.tlog\cl.write.1.tlog
c:\users\grigorii\desktop\4ый курс\c++\tutorial07\debug\tutorial07.tlog\fxc.command.1.tlog
c:\users\grigorii\desktop\4ый курс\c++\tutorial07\debug\tutorial07.tlog\fxc.read.1.tlog
c:\users\grigorii\desktop\4ый курс\c++\tutorial07\debug\tutorial07.tlog\fxc.write.1.tlog
c:\users\grigorii\desktop\4ый курс\c++\tutorial07\debug\tutorial07.tlog\link.command.1.tlog
c:\users\grigorii\desktop\4ый курс\c++\tutorial07\debug\tutorial07.tlog\link.read.1.tlog
c:\users\grigorii\desktop\4ый курс\c++\tutorial07\debug\tutorial07.tlog\link.write.1.tlog
c:\users\grigorii\desktop\4ый курс\c++\tutorial07\debug\tutorial07.tlog\rc.command.1.tlog
c:\users\grigorii\desktop\4ый курс\c++\tutorial07\debug\tutorial07.tlog\rc.read.1.tlog
c:\users\grigorii\desktop\4ый курс\c++\tutorial07\debug\tutorial07.tlog\rc.write.1.tlog
